<?xml version="1.0" encoding="UTF-8"?>
<testng-results ignored="0" total="1" passed="1" failed="0" skipped="0">
  <reporter-output>
  </reporter-output>
  <suite started-at="2022-03-24T21:01:34Z" name="Default suite" finished-at="2022-03-24T21:01:48Z" duration-ms="14491">
    <groups>
    </groups>
    <test started-at="2022-03-24T21:01:34Z" name="Default test" finished-at="2022-03-24T21:01:48Z" duration-ms="14491">
      <class name="com.acti.tests.TaskListTest">
        <test-method is-config="true" signature="setUp()[pri:0, instance:com.acti.tests.TaskListTest@3d246ea3]" started-at="2022-03-24T21:01:34Z" name="setUp" finished-at="2022-03-24T21:01:40Z" duration-ms="6659" status="PASS">
          <reporter-output>
          </reporter-output>
        </test-method> <!-- setUp -->
        <test-method signature="createNewCustomer()[pri:0, instance:com.acti.tests.TaskListTest@3d246ea3]" started-at="2022-03-24T21:01:40Z" name="createNewCustomer" finished-at="2022-03-24T21:01:48Z" duration-ms="7783" status="PASS">
          <reporter-output>
          </reporter-output>
        </test-method> <!-- createNewCustomer -->
        <test-method is-config="true" signature="tearDown()[pri:0, instance:com.acti.tests.TaskListTest@3d246ea3]" started-at="2022-03-24T21:01:48Z" name="tearDown" finished-at="2022-03-24T21:01:48Z" duration-ms="0" status="PASS">
          <reporter-output>
          </reporter-output>
        </test-method> <!-- tearDown -->
      </class> <!-- com.acti.tests.TaskListTest -->
    </test> <!-- Default test -->
  </suite> <!-- Default suite -->
</testng-results>
