<?xml version="1.0" encoding="UTF-8"?>
<!-- Generated by org.testng.reporters.JUnitXMLReporter -->
<testsuite ignored="0" hostname="Sandeep" failures="1" tests="1" name="Default test(failed)(failed)" time="0.098" errors="0" timestamp="20 Mar 2022 23:12:20 GMT">
  <testcase classname="com.acti.base.DriverScript" name="@AfterTest quitDriver" time="0.001">
    <failure type="java.lang.NullPointerException" message="Cannot invoke &amp;quot;org.openqa.selenium.WebDriver.quit()&amp;quot; because &amp;quot;com.acti.base.DriverScript.driver&amp;quot; is null">
      <![CDATA[java.lang.NullPointerException: Cannot invoke "org.openqa.selenium.WebDriver.quit()" because "com.acti.base.DriverScript.driver" is null
at com.acti.base.DriverScript.quitDriver(DriverScript.java:88)
... Removed 24 stack frames]]>
    </failure>
  </testcase> <!-- @AfterTest quitDriver -->
  <testcase classname="com.acti.base.DriverScript" name="initApplication" time="0.025">
    <failure type="java.lang.NullPointerException" message="Cannot invoke &amp;quot;org.openqa.selenium.WebDriver.manage()&amp;quot; because &amp;quot;com.acti.base.DriverScript.driver&amp;quot; is null">
      <![CDATA[java.lang.NullPointerException: Cannot invoke "org.openqa.selenium.WebDriver.manage()" because "com.acti.base.DriverScript.driver" is null
at com.acti.base.DriverScript.initApplication(DriverScript.java:67)
... Removed 25 stack frames]]>
    </failure>
  </testcase> <!-- initApplication -->
</testsuite> <!-- Default test(failed)(failed) -->
